<?xml version="1.0" encoding="UTF-8"?>
<testsuite xmlns:xsi="http://www.w3.org/2001/XMLSchema-instance" xsi:noNamespaceSchemaLocation="https://maven.apache.org/surefire/maven-surefire-plugin/xsd/surefire-test-report.xsd" version="3.0.2" name="com.song.bustraker.BustrakerApplicationTests" time="1.601" tests="1" errors="0" skipped="0" failures="0">
  <properties>
[...]
</properties>
  <testcase name="contextLoads" classname="com.song.bustraker.BustrakerApplicationTests" time="0.407">
    <system-out><![CDATA[15:44:17.697 [main] INFO org.springframework.test.context.support.AnnotationConfigContextLoaderUtils -- Could not detect default configuration classes for test class [com.song.bustraker.BustrakerApplicationTests]: BustrakerApplicationTests does not declare any static, non-private, non-final, nested classes annotated with @Configuration.
15:44:17.773 [main] INFO org.springframework.boot.test.context.SpringBootTestContextBootstrapper -- Found @SpringBootConfiguration com.song.bustraker.BustrakerApplication for test class com.song.bustraker.BustrakerApplicationTests

  .   ____          _            __ _ _
 /\\ / ___'_ __ _ _(_)_ __  __ _ \ \ \ \
( ( )\___ | '_ | '_| | '_ \/ _` | \ \ \ \
 \\/  ___)| |_)| | | | | || (_| |  ) ) ) )
  '  |____| .__|_| |_|_| |_\__, | / / / /
 =========|_|==============|___/=/_/_/_/

 :: Spring Boot ::                (v3.5.5)

2025-09-11T15:44:18.066+09:00  INFO 19392 --- [bustraker] [           main] c.s.bustraker.BustrakerApplicationTests  : Starting BustrakerApplicationTests using Java 21.0.7 with PID 19392 (started by Student in D:\bustraker\bustraker)
2025-09-11T15:44:18.067+09:00  INFO 19392 --- [bustraker] [           main] c.s.bustraker.BustrakerApplicationTests  : No active profile set, falling back to 1 default profile: "default"
2025-09-11T15:44:18.787+09:00  INFO 19392 --- [bustraker] [           main] c.s.bustraker.BustrakerApplicationTests  : Started BustrakerApplicationTests in 0.91 seconds (process running for 1.539)
]]></system-out>
    <system-err><![CDATA[Mockito is currently self-attaching to enable the inline-mock-maker. This will no longer work in future releases of the JDK. Please add Mockito as an agent to your build as described in Mockito's documentation: https://javadoc.io/doc/org.mockito/mockito-core/latest/org.mockito/org/mockito/Mockito.html#0.3
WARNING: A Java agent has been loaded dynamically (C:\Users\Student\.m2\repository\net\bytebuddy\byte-buddy-agent\1.17.7\byte-buddy-agent-1.17.7.jar)
WARNING: If a serviceability tool is in use, please run with -XX:+EnableDynamicAgentLoading to hide this warning
WARNING: If a serviceability tool is not in use, please run with -Djdk.instrument.traceUsage for more information
WARNING: Dynamic loading of agents will be disallowed by default in a future release
]]></system-err>
  </testcase>
</testsuite>